<?xml version="1.0" encoding="UTF-8"?>
<!-- Generated by org.testng.reporters.JUnitXMLReporter -->
<testsuite hostname="admin-PC" ignored="0" name="Default test" tests="4" failures="0" timestamp="2021-01-30T15:58:50 IST" time="7.659" errors="0">
  <testcase name="getRequestAutomation" time="4.303" classname="com.test.BaseTest"/>
  <testcase name="test1" time="0.029" classname="com.test.BaseTest"/>
  <testcase name="validateGetResponseFieldsAreMatching" time="1.384" classname="com.test.BaseTest"/>
  <testcase name="validateGetResponseFieldsforNotNullorBlank" time="1.205" classname="com.test.BaseTest"/>
</testsuite> <!-- Default test -->
