<?xml version="1.0" encoding="UTF-8"?>
<!-- Generated by org.testng.reporters.JUnitXMLReporter -->
<testsuite hostname="admin-PC" name="Default test" tests="4" failures="0" timestamp="30 Jan 2021 07:09:37 GMT" time="26.192" errors="0">
  <testcase name="Login" time="1.55" classname="com.booking.Testing"/>
  <testcase name="reservationTest" time="1.279" classname="com.booking.Testing"/>
  <testcase name="bookingFormTest" time="5.395" classname="com.booking.Testing"/>
  <testcase name="confirmBooking" time="0.179" classname="com.booking.Testing"/>
</testsuite> <!-- Default test -->
