<?xml version="1.0" encoding="UTF-8"?>
<!-- Generated by org.testng.reporters.JUnitXMLReporter -->
<testsuite hostname="admin-PC" name="Booking" tests="1" failures="1" timestamp="30 Jan 2021 07:38:02 GMT" time="0.035" errors="0">
  <testcase name="login" time="0.012" classname="com.booking.Testing">
    <failure type="java.lang.NullPointerException">
      <![CDATA[java.lang.NullPointerException
	at com.utils.ElementUtility.verifyTitle(ElementUtility.java:20)
	at com.booking.Testing.login(Testing.java:26)
... Removed 27 stack frames]]>
    </failure>
  </testcase> <!-- login -->
</testsuite> <!-- Booking -->
