<?xml version="1.0" encoding="UTF-8"?>
<!-- Generated by org.testng.reporters.JUnitXMLReporter -->
<testsuite hostname="admin-PC" name="OpenWeatherMap" tests="4" failures="0" timestamp="2 Feb 2021 05:20:08 GMT" time="7.937" errors="0">
  <testcase name="verifyRecordSuccessfulRead" time="4.395" classname="com.test.GetAPITest"/>
  <testcase name="validateResponse" time="1.079" classname="com.test.GetAPITest"/>
  <testcase name="testExcelReader" time="0.889" classname="com.test.ExcelReaderTest"/>
  <testcase name="testExcelWriter" time="1.544" classname="com.test.ExcelWriterTest"/>
</testsuite> <!-- OpenWeatherMap -->
