<?xml version="1.0" encoding="UTF-8"?>
<!-- Generated by org.testng.reporters.JUnitXMLReporter -->
<testsuite hostname="admin-PC" name="OpenWeatherMap" tests="4" failures="0" timestamp="2 Feb 2021 05:20:20 GMT" time="7.519" errors="0">
  <testcase name="verifyRecordSuccessfulRead" time="3.781" classname="com.test.GetAPITest"/>
  <testcase name="validateResponse" time="1.485" classname="com.test.GetAPITest"/>
  <testcase name="testExcelReader" time="0.729" classname="com.test.ExcelReaderTest"/>
  <testcase name="testExcelWriter" time="1.481" classname="com.test.ExcelWriterTest"/>
</testsuite> <!-- OpenWeatherMap -->
